[2022-12-14 01:06:18] This is codeql database create codeql_db_javascript --language=javascript
[2022-12-14 01:06:18] Log file was started late.
[2022-12-14 01:06:18] [PROGRESS] database create> Initializing database at /home/user/asf/cloner/gh/clones/A_gsa_db-to-api/codeql_db_javascript.
[2022-12-14 01:06:18] Running plumbing command: codeql database init --language=javascript --source-root=/home/user/asf/cloner/gh/clones/A_gsa_db-to-api --allow-missing-source-root=false --allow-already-existing -- /home/user/asf/cloner/gh/clones/A_gsa_db-to-api/codeql_db_javascript
[2022-12-14 01:06:18] [PROGRESS] database init> Computing baseline information in /home/user/asf/cloner/gh/clones/A_gsa_db-to-api
[2022-12-14 01:06:19] [PROGRESS] database init> Resolving extractor javascript.
[2022-12-14 01:06:19] Calling plumbing command: codeql resolve languages --format=json
[2022-12-14 01:06:19] [DETAILS] resolve languages> Scanning for [codeql-extractor.yml] from /home/user/codeql/codeql/.codeqlmanifest.json
[2022-12-14 01:06:19] [DETAILS] resolve languages> Parsing /home/user/codeql/codeql/cpp/codeql-extractor.yml.
[2022-12-14 01:06:19] [DETAILS] resolve languages> Parsing /home/user/codeql/codeql/javascript/codeql-extractor.yml.
[2022-12-14 01:06:19] [DETAILS] resolve languages> Parsing /home/user/codeql/codeql/python/codeql-extractor.yml.
[2022-12-14 01:06:19] [DETAILS] resolve languages> Parsing /home/user/codeql/codeql/html/codeql-extractor.yml.
[2022-12-14 01:06:19] [DETAILS] resolve languages> Parsing /home/user/codeql/codeql/properties/codeql-extractor.yml.
[2022-12-14 01:06:19] [DETAILS] resolve languages> Parsing /home/user/codeql/codeql/go/codeql-extractor.yml.
[2022-12-14 01:06:19] [DETAILS] resolve languages> Parsing /home/user/codeql/codeql/ruby/codeql-extractor.yml.
[2022-12-14 01:06:19] [DETAILS] resolve languages> Parsing /home/user/codeql/codeql/csharp/codeql-extractor.yml.
[2022-12-14 01:06:19] [DETAILS] resolve languages> Parsing /home/user/codeql/codeql/xml/codeql-extractor.yml.
[2022-12-14 01:06:19] [DETAILS] resolve languages> Parsing /home/user/codeql/codeql/java/codeql-extractor.yml.
[2022-12-14 01:06:19] [DETAILS] resolve languages> Parsing /home/user/codeql/codeql/csv/codeql-extractor.yml.
[2022-12-14 01:06:19] Plumbing command codeql resolve languages completed:
                      {
                        "extractors" : {
                          "cpp" : [
                            {
                              "extractor_root" : "/home/user/codeql/codeql/cpp"
                            }
                          ],
                          "javascript" : [
                            {
                              "extractor_root" : "/home/user/codeql/codeql/javascript",
                              "extractor_options" : { }
                            }
                          ],
                          "python" : [
                            {
                              "extractor_root" : "/home/user/codeql/codeql/python"
                            }
                          ],
                          "html" : [
                            {
                              "extractor_root" : "/home/user/codeql/codeql/html"
                            }
                          ],
                          "properties" : [
                            {
                              "extractor_root" : "/home/user/codeql/codeql/properties"
                            }
                          ],
                          "go" : [
                            {
                              "extractor_root" : "/home/user/codeql/codeql/go"
                            }
                          ],
                          "ruby" : [
                            {
                              "extractor_root" : "/home/user/codeql/codeql/ruby"
                            }
                          ],
                          "csharp" : [
                            {
                              "extractor_root" : "/home/user/codeql/codeql/csharp",
                              "extractor_options" : {
                                "trap" : {
                                  "title" : "Options pertaining to TRAP.",
                                  "description" : "Options pertaining to TRAP.",
                                  "type" : "object",
                                  "properties" : {
                                    "compression" : {
                                      "title" : "Controls compression for the TRAP files written by the extractor.",
                                      "description" : "This option is only intended for use in debugging the extractor. Accepted values are 'brotli' (the default, to write brotli-compressed TRAP), 'gzip', and 'none' (to write uncompressed TRAP).\n",
                                      "type" : "string",
                                      "pattern" : "^(none|gzip|brotli)$"
                                    }
                                  }
                                },
                                "buildless" : {
                                  "title" : "Whether to use buildless (standalone) extraction.",
                                  "description" : "A value indicating, which type of extraction the autobuilder should perform. If 'true', then the standalone extractor will be used, otherwise tracing extraction will be performed. The default is 'false'. Note that buildless extraction will generally yield less accurate analysis results, and should only be used in cases where it is not possible to build the code (for example if it uses inaccessible dependencies).\n",
                                  "type" : "string",
                                  "pattern" : "^(false|true)$"
                                },
                                "cil" : {
                                  "title" : "Whether to enable CIL extraction.",
                                  "description" : "A value indicating, whether CIL extraction should be enabled. The default is 'true'.\n",
                                  "type" : "string",
                                  "pattern" : "^(false|true)$"
                                }
                              }
                            }
                          ],
                          "xml" : [
                            {
                              "extractor_root" : "/home/user/codeql/codeql/xml"
                            }
                          ],
                          "java" : [
                            {
                              "extractor_root" : "/home/user/codeql/codeql/java",
                              "extractor_options" : {
                                "exclude" : {
                                  "title" : "A glob excluding files from analysis.",
                                  "description" : "A glob indicating what files to exclude from the analysis.\n",
                                  "type" : "string"
                                }
                              }
                            }
                          ],
                          "csv" : [
                            {
                              "extractor_root" : "/home/user/codeql/codeql/csv"
                            }
                          ]
                        }
                      }
[2022-12-14 01:06:19] [DETAILS] database init> Found candidate extractor root for javascript: /home/user/codeql/codeql/javascript.
[2022-12-14 01:06:19] [PROGRESS] database init> Successfully loaded extractor JavaScript (javascript) from /home/user/codeql/codeql/javascript.
[2022-12-14 01:06:19] [PROGRESS] database init> Created skeleton CodeQL database at /home/user/asf/cloner/gh/clones/A_gsa_db-to-api/codeql_db_javascript. This in-progress database is ready to be populated by an extractor.
[2022-12-14 01:06:19] Plumbing command codeql database init completed.
[2022-12-14 01:06:19] [PROGRESS] database create> Running build command: []
[2022-12-14 01:06:19] Running plumbing command: codeql database trace-command --working-dir=/home/user/asf/cloner/gh/clones/A_gsa_db-to-api --index-traceless-dbs --no-db-cluster -- /home/user/asf/cloner/gh/clones/A_gsa_db-to-api/codeql_db_javascript
[2022-12-14 01:06:19] Using autobuild script /home/user/codeql/codeql/javascript/tools/autobuild.sh.
[2022-12-14 01:06:20] [PROGRESS] database trace-command> Running command in /home/user/asf/cloner/gh/clones/A_gsa_db-to-api: [/home/user/codeql/codeql/javascript/tools/autobuild.sh]
[2022-12-14 01:06:20] [build-stdout] Single-threaded extraction.
[2022-12-14 01:06:20] [build-stdout] Extracting /home/user/asf/cloner/gh/clones/A_gsa_db-to-api/includes/bootstrap/footer.html
[2022-12-14 01:06:21] [build-stdout] Done extracting /home/user/asf/cloner/gh/clones/A_gsa_db-to-api/includes/bootstrap/footer.html (342 ms)
[2022-12-14 01:06:21] [build-stdout] Extracting /home/user/asf/cloner/gh/clones/A_gsa_db-to-api/includes/bootstrap/header.html
[2022-12-14 01:06:21] [build-stdout] Done extracting /home/user/asf/cloner/gh/clones/A_gsa_db-to-api/includes/bootstrap/header.html (22 ms)
[2022-12-14 01:06:21] [build-stdout] Extracting /home/user/asf/cloner/gh/clones/A_gsa_db-to-api/includes/bootstrap/js/vendor/bootstrap.js
[2022-12-14 01:06:22] [build-stdout] Done extracting /home/user/asf/cloner/gh/clones/A_gsa_db-to-api/includes/bootstrap/js/vendor/bootstrap.js (1060 ms)
[2022-12-14 01:06:22] [build-stdout] Extracting /home/user/asf/cloner/gh/clones/A_gsa_db-to-api/includes/bootstrap/js/main.js
[2022-12-14 01:06:22] [build-stdout] Done extracting /home/user/asf/cloner/gh/clones/A_gsa_db-to-api/includes/bootstrap/js/main.js (1 ms)
[2022-12-14 01:06:22] [build-stderr] No externs trap cache found
[2022-12-14 01:06:22] [build-stdout] Extracting /home/user/codeql/codeql/javascript/tools/data/externs/web/gecko_ext.js
[2022-12-14 01:06:22] [build-stdout] Done extracting /home/user/codeql/codeql/javascript/tools/data/externs/web/gecko_ext.js (8 ms)
[2022-12-14 01:06:22] [build-stdout] Extracting /home/user/codeql/codeql/javascript/tools/data/externs/web/w3c_permissions.js
[2022-12-14 01:06:22] [build-stdout] Done extracting /home/user/codeql/codeql/javascript/tools/data/externs/web/w3c_permissions.js (41 ms)
[2022-12-14 01:06:22] [build-stdout] Extracting /home/user/codeql/codeql/javascript/tools/data/externs/web/gecko_dom.js
[2022-12-14 01:06:22] [build-stdout] Done extracting /home/user/codeql/codeql/javascript/tools/data/externs/web/gecko_dom.js (155 ms)
[2022-12-14 01:06:22] [build-stdout] Extracting /home/user/codeql/codeql/javascript/tools/data/externs/web/webkit_usercontent.js
[2022-12-14 01:06:22] [build-stdout] Done extracting /home/user/codeql/codeql/javascript/tools/data/externs/web/webkit_usercontent.js (10 ms)
[2022-12-14 01:06:22] [build-stdout] Extracting /home/user/codeql/codeql/javascript/tools/data/externs/web/webstorage.js
[2022-12-14 01:06:22] [build-stdout] Done extracting /home/user/codeql/codeql/javascript/tools/data/externs/web/webstorage.js (24 ms)
[2022-12-14 01:06:22] [build-stdout] Extracting /home/user/codeql/codeql/javascript/tools/data/externs/web/fileapi.js
[2022-12-14 01:06:22] [build-stdout] Done extracting /home/user/codeql/codeql/javascript/tools/data/externs/web/fileapi.js (202 ms)
[2022-12-14 01:06:22] [build-stdout] Extracting /home/user/codeql/codeql/javascript/tools/data/externs/web/w3c_xml.js
[2022-12-14 01:06:22] [build-stdout] Done extracting /home/user/codeql/codeql/javascript/tools/data/externs/web/w3c_xml.js (70 ms)
[2022-12-14 01:06:22] [build-stdout] Extracting /home/user/codeql/codeql/javascript/tools/data/externs/web/webkit_css.js
[2022-12-14 01:06:22] [build-stdout] Done extracting /home/user/codeql/codeql/javascript/tools/data/externs/web/webkit_css.js (186 ms)
[2022-12-14 01:06:22] [build-stdout] Extracting /home/user/codeql/codeql/javascript/tools/data/externs/web/w3c_range.js
[2022-12-14 01:06:22] [build-stdout] Done extracting /home/user/codeql/codeql/javascript/tools/data/externs/web/w3c_range.js (31 ms)
[2022-12-14 01:06:22] [build-stdout] Extracting /home/user/codeql/codeql/javascript/tools/data/externs/web/w3c_indexeddb.js
[2022-12-14 01:06:23] [build-stdout] Done extracting /home/user/codeql/codeql/javascript/tools/data/externs/web/w3c_indexeddb.js (121 ms)
[2022-12-14 01:06:23] [build-stdout] Extracting /home/user/codeql/codeql/javascript/tools/data/externs/web/whatwg_encoding.js
[2022-12-14 01:06:23] [build-stdout] Done extracting /home/user/codeql/codeql/javascript/tools/data/externs/web/whatwg_encoding.js (10 ms)
[2022-12-14 01:06:23] [build-stdout] Extracting /home/user/codeql/codeql/javascript/tools/data/externs/web/w3c_css3d.js
[2022-12-14 01:06:23] [build-stdout] Done extracting /home/user/codeql/codeql/javascript/tools/data/externs/web/w3c_css3d.js (52 ms)
[2022-12-14 01:06:23] [build-stdout] Extracting /home/user/codeql/codeql/javascript/tools/data/externs/web/mediasource.js
[2022-12-14 01:06:23] [build-stdout] Done extracting /home/user/codeql/codeql/javascript/tools/data/externs/web/mediasource.js (31 ms)
[2022-12-14 01:06:23] [build-stdout] Extracting /home/user/codeql/codeql/javascript/tools/data/externs/web/w3c_dom2.js
[2022-12-14 01:06:23] [build-stdout] Done extracting /home/user/codeql/codeql/javascript/tools/data/externs/web/w3c_dom2.js (263 ms)
[2022-12-14 01:06:23] [build-stdout] Extracting /home/user/codeql/codeql/javascript/tools/data/externs/web/gecko_event.js
[2022-12-14 01:06:23] [build-stdout] Done extracting /home/user/codeql/codeql/javascript/tools/data/externs/web/gecko_event.js (11 ms)
[2022-12-14 01:06:23] [build-stdout] Extracting /home/user/codeql/codeql/javascript/tools/data/externs/web/window.js
[2022-12-14 01:06:23] [build-stdout] Done extracting /home/user/codeql/codeql/javascript/tools/data/externs/web/window.js (8 ms)
[2022-12-14 01:06:23] [build-stdout] Extracting /home/user/codeql/codeql/javascript/tools/data/externs/web/webkit_notifications.js
[2022-12-14 01:06:23] [build-stdout] Done extracting /home/user/codeql/codeql/javascript/tools/data/externs/web/webkit_notifications.js (17 ms)
[2022-12-14 01:06:23] [build-stdout] Extracting /home/user/codeql/codeql/javascript/tools/data/externs/web/streamsapi.js
[2022-12-14 01:06:23] [build-stdout] Done extracting /home/user/codeql/codeql/javascript/tools/data/externs/web/streamsapi.js (126 ms)
[2022-12-14 01:06:23] [build-stdout] Extracting /home/user/codeql/codeql/javascript/tools/data/externs/web/w3c_rtc.js
[2022-12-14 01:06:23] [build-stdout] Done extracting /home/user/codeql/codeql/javascript/tools/data/externs/web/w3c_rtc.js (266 ms)
[2022-12-14 01:06:23] [build-stdout] Extracting /home/user/codeql/codeql/javascript/tools/data/externs/web/w3c_midi.js
[2022-12-14 01:06:23] [build-stdout] Done extracting /home/user/codeql/codeql/javascript/tools/data/externs/web/w3c_midi.js (25 ms)
[2022-12-14 01:06:23] [build-stdout] Extracting /home/user/codeql/codeql/javascript/tools/data/externs/web/gecko_xml.js
[2022-12-14 01:06:23] [build-stdout] Done extracting /home/user/codeql/codeql/javascript/tools/data/externs/web/gecko_xml.js (4 ms)
[2022-12-14 01:06:23] [build-stdout] Extracting /home/user/codeql/codeql/javascript/tools/data/externs/web/w3c_event3.js
[2022-12-14 01:06:23] [build-stdout] Done extracting /home/user/codeql/codeql/javascript/tools/data/externs/web/w3c_event3.js (6 ms)
[2022-12-14 01:06:23] [build-stdout] Extracting /home/user/codeql/codeql/javascript/tools/data/externs/web/w3c_gamepad.js
[2022-12-14 01:06:23] [build-stdout] Done extracting /home/user/codeql/codeql/javascript/tools/data/externs/web/w3c_gamepad.js (6 ms)
[2022-12-14 01:06:23] [build-stdout] Extracting /home/user/codeql/codeql/javascript/tools/data/externs/web/intl.js
[2022-12-14 01:06:23] [build-stdout] Done extracting /home/user/codeql/codeql/javascript/tools/data/externs/web/intl.js (18 ms)
[2022-12-14 01:06:23] [build-stdout] Extracting /home/user/codeql/codeql/javascript/tools/data/externs/web/page_visibility.js
[2022-12-14 01:06:23] [build-stdout] Done extracting /home/user/codeql/codeql/javascript/tools/data/externs/web/page_visibility.js (2 ms)
[2022-12-14 01:06:23] [build-stdout] Extracting /home/user/codeql/codeql/javascript/tools/data/externs/web/w3c_dom3.js
[2022-12-14 01:06:24] [build-stdout] Done extracting /home/user/codeql/codeql/javascript/tools/data/externs/web/w3c_dom3.js (113 ms)
[2022-12-14 01:06:24] [build-stdout] Extracting /home/user/codeql/codeql/javascript/tools/data/externs/web/webgl.js
[2022-12-14 01:06:24] [build-stdout] Done extracting /home/user/codeql/codeql/javascript/tools/data/externs/web/webgl.js (390 ms)
[2022-12-14 01:06:24] [build-stdout] Extracting /home/user/codeql/codeql/javascript/tools/data/externs/web/ie_dom.js
[2022-12-14 01:06:24] [build-stdout] Done extracting /home/user/codeql/codeql/javascript/tools/data/externs/web/ie_dom.js (92 ms)
[2022-12-14 01:06:24] [build-stdout] Extracting /home/user/codeql/codeql/javascript/tools/data/externs/web/ie_css.js
[2022-12-14 01:06:24] [build-stdout] Done extracting /home/user/codeql/codeql/javascript/tools/data/externs/web/ie_css.js (18 ms)
[2022-12-14 01:06:24] [build-stdout] Extracting /home/user/codeql/codeql/javascript/tools/data/externs/web/chrome.js
[2022-12-14 01:06:24] [build-stdout] Done extracting /home/user/codeql/codeql/javascript/tools/data/externs/web/chrome.js (40 ms)
[2022-12-14 01:06:24] [build-stdout] Extracting /home/user/codeql/codeql/javascript/tools/data/externs/web/w3c_requestidlecallback.js
[2022-12-14 01:06:24] [build-stdout] Done extracting /home/user/codeql/codeql/javascript/tools/data/externs/web/w3c_requestidlecallback.js (3 ms)
[2022-12-14 01:06:24] [build-stdout] Extracting /home/user/codeql/codeql/javascript/tools/data/externs/web/w3c_dom4.js
[2022-12-14 01:06:24] [build-stdout] Done extracting /home/user/codeql/codeql/javascript/tools/data/externs/web/w3c_dom4.js (3 ms)
[2022-12-14 01:06:24] [build-stdout] Extracting /home/user/codeql/codeql/javascript/tools/data/externs/web/w3c_anim_timing.js
[2022-12-14 01:06:24] [build-stdout] Done extracting /home/user/codeql/codeql/javascript/tools/data/externs/web/w3c_anim_timing.js (17 ms)
[2022-12-14 01:06:24] [build-stdout] Extracting /home/user/codeql/codeql/javascript/tools/data/externs/web/w3c_css.js
[2022-12-14 01:06:24] [build-stdout] Done extracting /home/user/codeql/codeql/javascript/tools/data/externs/web/w3c_css.js (202 ms)
[2022-12-14 01:06:24] [build-stdout] Extracting /home/user/codeql/codeql/javascript/tools/data/externs/web/w3c_elementtraversal.js
[2022-12-14 01:06:24] [build-stdout] Done extracting /home/user/codeql/codeql/javascript/tools/data/externs/web/w3c_elementtraversal.js (6 ms)
[2022-12-14 01:06:24] [build-stdout] Extracting /home/user/codeql/codeql/javascript/tools/data/externs/web/w3c_dom1.js
[2022-12-14 01:06:24] [build-stdout] Done extracting /home/user/codeql/codeql/javascript/tools/data/externs/web/w3c_dom1.js (67 ms)
[2022-12-14 01:06:24] [build-stdout] Extracting /home/user/codeql/codeql/javascript/tools/data/externs/web/w3c_pointer_events.js
[2022-12-14 01:06:24] [build-stdout] Done extracting /home/user/codeql/codeql/javascript/tools/data/externs/web/w3c_pointer_events.js (8 ms)
[2022-12-14 01:06:24] [build-stdout] Extracting /home/user/codeql/codeql/javascript/tools/data/externs/web/webkit_event.js
[2022-12-14 01:06:24] [build-stdout] Done extracting /home/user/codeql/codeql/javascript/tools/data/externs/web/webkit_event.js (4 ms)
[2022-12-14 01:06:24] [build-stdout] Extracting /home/user/codeql/codeql/javascript/tools/data/externs/web/ie_vml.js
[2022-12-14 01:06:24] [build-stdout] Done extracting /home/user/codeql/codeql/javascript/tools/data/externs/web/ie_vml.js (3 ms)
[2022-12-14 01:06:24] [build-stdout] Extracting /home/user/codeql/codeql/javascript/tools/data/externs/web/w3c_encoding.js
[2022-12-14 01:06:24] [build-stdout] Done extracting /home/user/codeql/codeql/javascript/tools/data/externs/web/w3c_encoding.js (4 ms)
[2022-12-14 01:06:24] [build-stdout] Extracting /home/user/codeql/codeql/javascript/tools/data/externs/web/w3c_serviceworker.js
[2022-12-14 01:06:24] [build-stdout] Done extracting /home/user/codeql/codeql/javascript/tools/data/externs/web/w3c_serviceworker.js (43 ms)
[2022-12-14 01:06:24] [build-stdout] Extracting /home/user/codeql/codeql/javascript/tools/data/externs/web/w3c_device_sensor_event.js
[2022-12-14 01:06:24] [build-stdout] Done extracting /home/user/codeql/codeql/javascript/tools/data/externs/web/w3c_device_sensor_event.js (5 ms)
[2022-12-14 01:06:24] [build-stdout] Extracting /home/user/codeql/codeql/javascript/tools/data/externs/web/w3c_event.js
[2022-12-14 01:06:25] [build-stdout] Done extracting /home/user/codeql/codeql/javascript/tools/data/externs/web/w3c_event.js (38 ms)
[2022-12-14 01:06:25] [build-stdout] Extracting /home/user/codeql/codeql/javascript/tools/data/externs/web/url.js
[2022-12-14 01:06:25] [build-stdout] Done extracting /home/user/codeql/codeql/javascript/tools/data/externs/web/url.js (9 ms)
[2022-12-14 01:06:25] [build-stdout] Extracting /home/user/codeql/codeql/javascript/tools/data/externs/web/w3c_screen_orientation.js
[2022-12-14 01:06:25] [build-stdout] Done extracting /home/user/codeql/codeql/javascript/tools/data/externs/web/w3c_screen_orientation.js (3 ms)
[2022-12-14 01:06:25] [build-stdout] Extracting /home/user/codeql/codeql/javascript/tools/data/externs/web/w3c_batterystatus.js
[2022-12-14 01:06:25] [build-stdout] Done extracting /home/user/codeql/codeql/javascript/tools/data/externs/web/w3c_batterystatus.js (3 ms)
[2022-12-14 01:06:25] [build-stdout] Extracting /home/user/codeql/codeql/javascript/tools/data/externs/web/w3c_webcrypto.js
[2022-12-14 01:06:25] [build-stdout] Done extracting /home/user/codeql/codeql/javascript/tools/data/externs/web/w3c_webcrypto.js (32 ms)
[2022-12-14 01:06:25] [build-stdout] Extracting /home/user/codeql/codeql/javascript/tools/data/externs/web/fetchapi.js
[2022-12-14 01:06:25] [build-stdout] Done extracting /home/user/codeql/codeql/javascript/tools/data/externs/web/fetchapi.js (45 ms)
[2022-12-14 01:06:25] [build-stdout] Extracting /home/user/codeql/codeql/javascript/tools/data/externs/web/w3c_touch_event.js
[2022-12-14 01:06:25] [build-stdout] Done extracting /home/user/codeql/codeql/javascript/tools/data/externs/web/w3c_touch_event.js (24 ms)
[2022-12-14 01:06:25] [build-stdout] Extracting /home/user/codeql/codeql/javascript/tools/data/externs/web/html5.js
[2022-12-14 01:06:25] [build-stdout] Done extracting /home/user/codeql/codeql/javascript/tools/data/externs/web/html5.js (533 ms)
[2022-12-14 01:06:25] [build-stdout] Extracting /home/user/codeql/codeql/javascript/tools/data/externs/web/iphone.js
[2022-12-14 01:06:25] [build-stdout] Done extracting /home/user/codeql/codeql/javascript/tools/data/externs/web/iphone.js (10 ms)
[2022-12-14 01:06:25] [build-stdout] Extracting /home/user/codeql/codeql/javascript/tools/data/externs/web/ie_event.js
[2022-12-14 01:06:25] [build-stdout] Done extracting /home/user/codeql/codeql/javascript/tools/data/externs/web/ie_event.js (32 ms)
[2022-12-14 01:06:25] [build-stdout] Extracting /home/user/codeql/codeql/javascript/tools/data/externs/web/flash.js
[2022-12-14 01:06:25] [build-stdout] Done extracting /home/user/codeql/codeql/javascript/tools/data/externs/web/flash.js (16 ms)
[2022-12-14 01:06:25] [build-stdout] Extracting /home/user/codeql/codeql/javascript/tools/data/externs/web/webkit_dom.js
[2022-12-14 01:06:25] [build-stdout] Done extracting /home/user/codeql/codeql/javascript/tools/data/externs/web/webkit_dom.js (24 ms)
[2022-12-14 01:06:25] [build-stdout] Extracting /home/user/codeql/codeql/javascript/tools/data/externs/web/w3c_geolocation.js
[2022-12-14 01:06:25] [build-stdout] Done extracting /home/user/codeql/codeql/javascript/tools/data/externs/web/w3c_geolocation.js (9 ms)
[2022-12-14 01:06:25] [build-stdout] Extracting /home/user/codeql/codeql/javascript/tools/data/externs/web/w3c_navigation_timing.js
[2022-12-14 01:06:25] [build-stdout] Done extracting /home/user/codeql/codeql/javascript/tools/data/externs/web/w3c_navigation_timing.js (21 ms)
[2022-12-14 01:06:25] [build-stdout] Extracting /home/user/codeql/codeql/javascript/tools/data/externs/web/gecko_css.js
[2022-12-14 01:06:25] [build-stdout] Done extracting /home/user/codeql/codeql/javascript/tools/data/externs/web/gecko_css.js (19 ms)
[2022-12-14 01:06:25] [build-stdout] Extracting /home/user/codeql/codeql/javascript/tools/data/externs/web/w3c_selectors.js
[2022-12-14 01:06:25] [build-stdout] Done extracting /home/user/codeql/codeql/javascript/tools/data/externs/web/w3c_selectors.js (7 ms)
[2022-12-14 01:06:25] [build-stdout] Extracting /home/user/codeql/codeql/javascript/tools/data/externs/nodejs/cluster.js
[2022-12-14 01:06:26] [build-stdout] Done extracting /home/user/codeql/codeql/javascript/tools/data/externs/nodejs/cluster.js (170 ms)
[2022-12-14 01:06:26] [build-stdout] Extracting /home/user/codeql/codeql/javascript/tools/data/externs/nodejs/string_decoder.js
[2022-12-14 01:06:26] [build-stdout] Done extracting /home/user/codeql/codeql/javascript/tools/data/externs/nodejs/string_decoder.js (6 ms)
[2022-12-14 01:06:26] [build-stdout] Extracting /home/user/codeql/codeql/javascript/tools/data/externs/nodejs/console.js
[2022-12-14 01:06:26] [build-stdout] Done extracting /home/user/codeql/codeql/javascript/tools/data/externs/nodejs/console.js (2 ms)
[2022-12-14 01:06:26] [build-stdout] Extracting /home/user/codeql/codeql/javascript/tools/data/externs/nodejs/punycode.js
[2022-12-14 01:06:26] [build-stdout] Done extracting /home/user/codeql/codeql/javascript/tools/data/externs/nodejs/punycode.js (7 ms)
[2022-12-14 01:06:26] [build-stdout] Extracting /home/user/codeql/codeql/javascript/tools/data/externs/nodejs/http.js
[2022-12-14 01:06:26] [build-stdout] Done extracting /home/user/codeql/codeql/javascript/tools/data/externs/nodejs/http.js (52 ms)
[2022-12-14 01:06:26] [build-stdout] Extracting /home/user/codeql/codeql/javascript/tools/data/externs/nodejs/tty.js
[2022-12-14 01:06:26] [build-stdout] Done extracting /home/user/codeql/codeql/javascript/tools/data/externs/nodejs/tty.js (10 ms)
[2022-12-14 01:06:26] [build-stdout] Extracting /home/user/codeql/codeql/javascript/tools/data/externs/nodejs/globals.js
[2022-12-14 01:06:26] [build-stdout] Done extracting /home/user/codeql/codeql/javascript/tools/data/externs/nodejs/globals.js (208 ms)
[2022-12-14 01:06:26] [build-stdout] Extracting /home/user/codeql/codeql/javascript/tools/data/externs/nodejs/child_process.js
[2022-12-14 01:06:26] [build-stdout] Done extracting /home/user/codeql/codeql/javascript/tools/data/externs/nodejs/child_process.js (103 ms)
[2022-12-14 01:06:26] [build-stdout] Extracting /home/user/codeql/codeql/javascript/tools/data/externs/nodejs/path.js
[2022-12-14 01:06:26] [build-stdout] Done extracting /home/user/codeql/codeql/javascript/tools/data/externs/nodejs/path.js (25 ms)
[2022-12-14 01:06:26] [build-stdout] Extracting /home/user/codeql/codeql/javascript/tools/data/externs/nodejs/buffer.js
[2022-12-14 01:06:26] [build-stdout] Done extracting /home/user/codeql/codeql/javascript/tools/data/externs/nodejs/buffer.js (10 ms)
[2022-12-14 01:06:26] [build-stdout] Extracting /home/user/codeql/codeql/javascript/tools/data/externs/nodejs/v8.js
[2022-12-14 01:06:26] [build-stdout] Done extracting /home/user/codeql/codeql/javascript/tools/data/externs/nodejs/v8.js (5 ms)
[2022-12-14 01:06:26] [build-stdout] Extracting /home/user/codeql/codeql/javascript/tools/data/externs/nodejs/dgram.js
[2022-12-14 01:06:26] [build-stdout] Done extracting /home/user/codeql/codeql/javascript/tools/data/externs/nodejs/dgram.js (15 ms)
[2022-12-14 01:06:26] [build-stdout] Extracting /home/user/codeql/codeql/javascript/tools/data/externs/nodejs/querystring.js
[2022-12-14 01:06:26] [build-stdout] Done extracting /home/user/codeql/codeql/javascript/tools/data/externs/nodejs/querystring.js (8 ms)
[2022-12-14 01:06:26] [build-stdout] Extracting /home/user/codeql/codeql/javascript/tools/data/externs/nodejs/readline.js
[2022-12-14 01:06:26] [build-stdout] Done extracting /home/user/codeql/codeql/javascript/tools/data/externs/nodejs/readline.js (16 ms)
[2022-12-14 01:06:26] [build-stdout] Extracting /home/user/codeql/codeql/javascript/tools/data/externs/nodejs/os.js
[2022-12-14 01:06:26] [build-stdout] Done extracting /home/user/codeql/codeql/javascript/tools/data/externs/nodejs/os.js (19 ms)
[2022-12-14 01:06:26] [build-stdout] Extracting /home/user/codeql/codeql/javascript/tools/data/externs/nodejs/assert_legacy.js
[2022-12-14 01:06:26] [build-stdout] Done extracting /home/user/codeql/codeql/javascript/tools/data/externs/nodejs/assert_legacy.js (1 ms)
[2022-12-14 01:06:26] [build-stdout] Extracting /home/user/codeql/codeql/javascript/tools/data/externs/nodejs/tls.js
[2022-12-14 01:06:26] [build-stdout] Done extracting /home/user/codeql/codeql/javascript/tools/data/externs/nodejs/tls.js (39 ms)
[2022-12-14 01:06:26] [build-stdout] Extracting /home/user/codeql/codeql/javascript/tools/data/externs/nodejs/https.js
[2022-12-14 01:06:26] [build-stdout] Done extracting /home/user/codeql/codeql/javascript/tools/data/externs/nodejs/https.js (11 ms)
[2022-12-14 01:06:26] [build-stdout] Extracting /home/user/codeql/codeql/javascript/tools/data/externs/nodejs/constants.js
[2022-12-14 01:06:26] [build-stdout] Done extracting /home/user/codeql/codeql/javascript/tools/data/externs/nodejs/constants.js (78 ms)
[2022-12-14 01:06:26] [build-stdout] Extracting /home/user/codeql/codeql/javascript/tools/data/externs/nodejs/dns.js
[2022-12-14 01:06:26] [build-stdout] Done extracting /home/user/codeql/codeql/javascript/tools/data/externs/nodejs/dns.js (15 ms)
[2022-12-14 01:06:26] [build-stdout] Extracting /home/user/codeql/codeql/javascript/tools/data/externs/nodejs/events.js
[2022-12-14 01:06:26] [build-stdout] Done extracting /home/user/codeql/codeql/javascript/tools/data/externs/nodejs/events.js (6 ms)
[2022-12-14 01:06:26] [build-stdout] Extracting /home/user/codeql/codeql/javascript/tools/data/externs/nodejs/module.js
[2022-12-14 01:06:26] [build-stdout] Done extracting /home/user/codeql/codeql/javascript/tools/data/externs/nodejs/module.js (4 ms)
[2022-12-14 01:06:26] [build-stdout] Extracting /home/user/codeql/codeql/javascript/tools/data/externs/nodejs/crypto.js
[2022-12-14 01:06:26] [build-stdout] Done extracting /home/user/codeql/codeql/javascript/tools/data/externs/nodejs/crypto.js (47 ms)
[2022-12-14 01:06:26] [build-stdout] Extracting /home/user/codeql/codeql/javascript/tools/data/externs/nodejs/repl.js
[2022-12-14 01:06:26] [build-stdout] Done extracting /home/user/codeql/codeql/javascript/tools/data/externs/nodejs/repl.js (6 ms)
[2022-12-14 01:06:26] [build-stdout] Extracting /home/user/codeql/codeql/javascript/tools/data/externs/nodejs/timers.js
[2022-12-14 01:06:26] [build-stdout] Done extracting /home/user/codeql/codeql/javascript/tools/data/externs/nodejs/timers.js (6 ms)
[2022-12-14 01:06:26] [build-stdout] Extracting /home/user/codeql/codeql/javascript/tools/data/externs/nodejs/domain.js
[2022-12-14 01:06:26] [build-stdout] Done extracting /home/user/codeql/codeql/javascript/tools/data/externs/nodejs/domain.js (5 ms)
[2022-12-14 01:06:26] [build-stdout] Extracting /home/user/codeql/codeql/javascript/tools/data/externs/nodejs/sys.js
[2022-12-14 01:06:26] [build-stdout] Done extracting /home/user/codeql/codeql/javascript/tools/data/externs/nodejs/sys.js (1 ms)
[2022-12-14 01:06:26] [build-stdout] Extracting /home/user/codeql/codeql/javascript/tools/data/externs/nodejs/vm.js
[2022-12-14 01:06:26] [build-stdout] Done extracting /home/user/codeql/codeql/javascript/tools/data/externs/nodejs/vm.js (9 ms)
[2022-12-14 01:06:26] [build-stdout] Extracting /home/user/codeql/codeql/javascript/tools/data/externs/nodejs/fs.js
[2022-12-14 01:06:26] [build-stdout] Done extracting /home/user/codeql/codeql/javascript/tools/data/externs/nodejs/fs.js (82 ms)
[2022-12-14 01:06:26] [build-stdout] Extracting /home/user/codeql/codeql/javascript/tools/data/externs/nodejs/url.js
[2022-12-14 01:06:26] [build-stdout] Done extracting /home/user/codeql/codeql/javascript/tools/data/externs/nodejs/url.js (5 ms)
[2022-12-14 01:06:26] [build-stdout] Extracting /home/user/codeql/codeql/javascript/tools/data/externs/nodejs/util.js
[2022-12-14 01:06:26] [build-stdout] Done extracting /home/user/codeql/codeql/javascript/tools/data/externs/nodejs/util.js (12 ms)
[2022-12-14 01:06:26] [build-stdout] Extracting /home/user/codeql/codeql/javascript/tools/data/externs/nodejs/stream.js
[2022-12-14 01:06:26] [build-stdout] Done extracting /home/user/codeql/codeql/javascript/tools/data/externs/nodejs/stream.js (39 ms)
[2022-12-14 01:06:26] [build-stdout] Extracting /home/user/codeql/codeql/javascript/tools/data/externs/nodejs/assert.js
[2022-12-14 01:06:26] [build-stdout] Done extracting /home/user/codeql/codeql/javascript/tools/data/externs/nodejs/assert.js (7 ms)
[2022-12-14 01:06:26] [build-stdout] Extracting /home/user/codeql/codeql/javascript/tools/data/externs/nodejs/zlib.js
[2022-12-14 01:06:27] [build-stdout] Done extracting /home/user/codeql/codeql/javascript/tools/data/externs/nodejs/zlib.js (21 ms)
[2022-12-14 01:06:27] [build-stdout] Extracting /home/user/codeql/codeql/javascript/tools/data/externs/nodejs/net.js
[2022-12-14 01:06:27] [build-stdout] Done extracting /home/user/codeql/codeql/javascript/tools/data/externs/nodejs/net.js (21 ms)
[2022-12-14 01:06:27] [build-stdout] Extracting /home/user/codeql/codeql/javascript/tools/data/externs/nodejs/process.js
[2022-12-14 01:06:27] [build-stdout] Done extracting /home/user/codeql/codeql/javascript/tools/data/externs/nodejs/process.js (1 ms)
[2022-12-14 01:06:27] [build-stdout] Extracting /home/user/codeql/codeql/javascript/tools/data/externs/es/es6_collections.js
[2022-12-14 01:06:27] [build-stdout] Done extracting /home/user/codeql/codeql/javascript/tools/data/externs/es/es6_collections.js (7 ms)
[2022-12-14 01:06:27] [build-stdout] Extracting /home/user/codeql/codeql/javascript/tools/data/externs/es/es2017.js
[2022-12-14 01:06:27] [build-stdout] Done extracting /home/user/codeql/codeql/javascript/tools/data/externs/es/es2017.js (2 ms)
[2022-12-14 01:06:27] [build-stdout] Extracting /home/user/codeql/codeql/javascript/tools/data/externs/es/es2016.js
[2022-12-14 01:06:27] [build-stdout] Done extracting /home/user/codeql/codeql/javascript/tools/data/externs/es/es2016.js (1 ms)
[2022-12-14 01:06:27] [build-stdout] Extracting /home/user/codeql/codeql/javascript/tools/data/externs/es/intl.js
[2022-12-14 01:06:27] [build-stdout] Done extracting /home/user/codeql/codeql/javascript/tools/data/externs/es/intl.js (8 ms)
[2022-12-14 01:06:27] [build-stdout] Extracting /home/user/codeql/codeql/javascript/tools/data/externs/es/es6.js
[2022-12-14 01:06:27] [build-stdout] Done extracting /home/user/codeql/codeql/javascript/tools/data/externs/es/es6.js (56 ms)
[2022-12-14 01:06:27] [build-stdout] Extracting /home/user/codeql/codeql/javascript/tools/data/externs/es/es3.js
[2022-12-14 01:06:27] [build-stdout] Done extracting /home/user/codeql/codeql/javascript/tools/data/externs/es/es3.js (72 ms)
[2022-12-14 01:06:27] [build-stdout] Extracting /home/user/codeql/codeql/javascript/tools/data/externs/es/es5.js
[2022-12-14 01:06:27] [build-stdout] Done extracting /home/user/codeql/codeql/javascript/tools/data/externs/es/es5.js (8 ms)
[2022-12-14 01:06:27] [build-stdout] Extracting /home/user/codeql/codeql/javascript/tools/data/externs/es/proxy.js
[2022-12-14 01:06:27] [build-stdout] Done extracting /home/user/codeql/codeql/javascript/tools/data/externs/es/proxy.js (1 ms)
[2022-12-14 01:06:27] [build-stdout] Extracting /home/user/codeql/codeql/javascript/tools/data/externs/vm/spidermonkey.js
[2022-12-14 01:06:27] [build-stdout] Done extracting /home/user/codeql/codeql/javascript/tools/data/externs/vm/spidermonkey.js (1 ms)
[2022-12-14 01:06:27] [build-stdout] Extracting /home/user/codeql/codeql/javascript/tools/data/externs/vm/v8.js
[2022-12-14 01:06:27] [build-stdout] Done extracting /home/user/codeql/codeql/javascript/tools/data/externs/vm/v8.js (4 ms)
[2022-12-14 01:06:27] [build-stdout] Extracting /home/user/codeql/codeql/javascript/tools/data/externs/vm/rhino.js
[2022-12-14 01:06:27] [build-stdout] Done extracting /home/user/codeql/codeql/javascript/tools/data/externs/vm/rhino.js (3 ms)
[2022-12-14 01:06:27] [build-stdout] Extracting /home/user/codeql/codeql/javascript/tools/data/externs/vm/jsshell.js
[2022-12-14 01:06:27] [build-stdout] Done extracting /home/user/codeql/codeql/javascript/tools/data/externs/vm/jsshell.js (24 ms)
[2022-12-14 01:06:27] [build-stdout] Extracting /home/user/codeql/codeql/javascript/tools/data/externs/lib/bdd.js
[2022-12-14 01:06:27] [build-stdout] Done extracting /home/user/codeql/codeql/javascript/tools/data/externs/lib/bdd.js (4 ms)
[2022-12-14 01:06:27] [build-stdout] Extracting /home/user/codeql/codeql/javascript/tools/data/externs/lib/jquery-3.2.js
[2022-12-14 01:06:27] [build-stdout] Done extracting /home/user/codeql/codeql/javascript/tools/data/externs/lib/jquery-3.2.js (132 ms)
[2022-12-14 01:06:27] [build-stdout] Extracting /home/user/codeql/codeql/javascript/tools/data/externs/lib/should.js
[2022-12-14 01:06:27] [build-stdout] Done extracting /home/user/codeql/codeql/javascript/tools/data/externs/lib/should.js (17 ms)
[2022-12-14 01:06:27] [build-stdout] Extracting /home/user/codeql/codeql/javascript/tools/data/externs/lib/vows.js
[2022-12-14 01:06:27] [build-stdout] Done extracting /home/user/codeql/codeql/javascript/tools/data/externs/lib/vows.js (20 ms)
[2022-12-14 01:06:27] Plumbing command codeql database trace-command completed.
[2022-12-14 01:06:27] [PROGRESS] database create> Finalizing database at /home/user/asf/cloner/gh/clones/A_gsa_db-to-api/codeql_db_javascript.
[2022-12-14 01:06:27] Running plumbing command: codeql database finalize --mode=normal --no-db-cluster -- /home/user/asf/cloner/gh/clones/A_gsa_db-to-api/codeql_db_javascript
[2022-12-14 01:06:27] [PROGRESS] database finalize> Running TRAP import for CodeQL database at /home/user/asf/cloner/gh/clones/A_gsa_db-to-api/codeql_db_javascript...
[2022-12-14 01:06:27] Running plumbing command: codeql dataset import --dbscheme=/home/user/codeql/codeql/javascript/semmlecode.javascript.dbscheme -- /home/user/asf/cloner/gh/clones/A_gsa_db-to-api/codeql_db_javascript/db-javascript /home/user/asf/cloner/gh/clones/A_gsa_db-to-api/codeql_db_javascript/trap/javascript
[2022-12-14 01:06:27] Clearing disk cache since the version file /home/user/asf/cloner/gh/clones/A_gsa_db-to-api/codeql_db_javascript/db-javascript/default/cache/version does not exist
[2022-12-14 01:06:27] Tuple pool not found. Clearing relations with cached strings
[2022-12-14 01:06:27] Trimming disk cache at /home/user/asf/cloner/gh/clones/A_gsa_db-to-api/codeql_db_javascript/db-javascript/default/cache in mode brutal.
[2022-12-14 01:06:27] Sequence stamp origin is -6377112518638622915
[2022-12-14 01:06:27] Pausing evaluation to hard-clear memory at sequence stamp o+0
[2022-12-14 01:06:27] Unpausing evaluation
[2022-12-14 01:06:27] Pausing evaluation to quickly trim disk at sequence stamp o+1
[2022-12-14 01:06:27] Unpausing evaluation
[2022-12-14 01:06:27] Pausing evaluation to zealously trim disk at sequence stamp o+2
[2022-12-14 01:06:27] Unpausing evaluation
[2022-12-14 01:06:27] Trimming completed (10ms): Purged everything.
[2022-12-14 01:06:27] Scanning for files in /home/user/asf/cloner/gh/clones/A_gsa_db-to-api/codeql_db_javascript/trap/javascript
[2022-12-14 01:06:27] Importing footer.html.trap.gz (1 of 115)
[2022-12-14 01:06:27] Importing header.html.trap.gz (2 of 115)
[2022-12-14 01:06:27] Importing main.js.trap.gz (3 of 115)
[2022-12-14 01:06:27] Importing bootstrap.js.trap.gz (4 of 115)
[2022-12-14 01:06:28] Importing es2016.js.trap.gz (5 of 115)
[2022-12-14 01:06:28] Importing es2017.js.trap.gz (6 of 115)
[2022-12-14 01:06:28] Importing es3.js.trap.gz (7 of 115)
[2022-12-14 01:06:28] Importing es5.js.trap.gz (8 of 115)
[2022-12-14 01:06:28] Importing es6.js.trap.gz (9 of 115)
[2022-12-14 01:06:28] Importing es6_collections.js.trap.gz (10 of 115)
[2022-12-14 01:06:28] Importing intl.js.trap.gz (11 of 115)
[2022-12-14 01:06:28] Importing proxy.js.trap.gz (12 of 115)
[2022-12-14 01:06:28] Importing bdd.js.trap.gz (13 of 115)
[2022-12-14 01:06:28] Importing jquery-3.2.js.trap.gz (14 of 115)
[2022-12-14 01:06:28] Importing should.js.trap.gz (15 of 115)
[2022-12-14 01:06:28] Importing vows.js.trap.gz (16 of 115)
[2022-12-14 01:06:28] Importing assert.js.trap.gz (17 of 115)
[2022-12-14 01:06:28] Importing assert_legacy.js.trap.gz (18 of 115)
[2022-12-14 01:06:28] Importing buffer.js.trap.gz (19 of 115)
[2022-12-14 01:06:28] Importing child_process.js.trap.gz (20 of 115)
[2022-12-14 01:06:28] Importing cluster.js.trap.gz (21 of 115)
[2022-12-14 01:06:28] Importing console.js.trap.gz (22 of 115)
[2022-12-14 01:06:28] Importing constants.js.trap.gz (23 of 115)
[2022-12-14 01:06:28] Importing crypto.js.trap.gz (24 of 115)
[2022-12-14 01:06:28] Importing dgram.js.trap.gz (25 of 115)
[2022-12-14 01:06:29] Importing dns.js.trap.gz (26 of 115)
[2022-12-14 01:06:29] Importing domain.js.trap.gz (27 of 115)
[2022-12-14 01:06:29] Importing events.js.trap.gz (28 of 115)
[2022-12-14 01:06:29] Importing fs.js.trap.gz (29 of 115)
[2022-12-14 01:06:29] Importing globals.js.trap.gz (30 of 115)
[2022-12-14 01:06:29] Importing http.js.trap.gz (31 of 115)
[2022-12-14 01:06:29] Importing https.js.trap.gz (32 of 115)
[2022-12-14 01:06:29] Importing module.js.trap.gz (33 of 115)
[2022-12-14 01:06:29] Importing net.js.trap.gz (34 of 115)
[2022-12-14 01:06:29] Importing os.js.trap.gz (35 of 115)
[2022-12-14 01:06:29] Importing path.js.trap.gz (36 of 115)
[2022-12-14 01:06:29] Importing process.js.trap.gz (37 of 115)
[2022-12-14 01:06:29] Importing punycode.js.trap.gz (38 of 115)
[2022-12-14 01:06:29] Importing querystring.js.trap.gz (39 of 115)
[2022-12-14 01:06:29] Importing readline.js.trap.gz (40 of 115)
[2022-12-14 01:06:29] Importing repl.js.trap.gz (41 of 115)
[2022-12-14 01:06:29] Importing stream.js.trap.gz (42 of 115)
[2022-12-14 01:06:29] Importing string_decoder.js.trap.gz (43 of 115)
[2022-12-14 01:06:29] Importing sys.js.trap.gz (44 of 115)
[2022-12-14 01:06:29] Importing timers.js.trap.gz (45 of 115)
[2022-12-14 01:06:29] Importing tls.js.trap.gz (46 of 115)
[2022-12-14 01:06:29] Importing tty.js.trap.gz (47 of 115)
[2022-12-14 01:06:29] Importing url.js.trap.gz (48 of 115)
[2022-12-14 01:06:29] Importing util.js.trap.gz (49 of 115)
[2022-12-14 01:06:29] Importing v8.js.trap.gz (50 of 115)
[2022-12-14 01:06:29] Importing vm.js.trap.gz (51 of 115)
[2022-12-14 01:06:29] Importing zlib.js.trap.gz (52 of 115)
[2022-12-14 01:06:29] Importing jsshell.js.trap.gz (53 of 115)
[2022-12-14 01:06:29] Importing rhino.js.trap.gz (54 of 115)
[2022-12-14 01:06:29] Importing spidermonkey.js.trap.gz (55 of 115)
[2022-12-14 01:06:29] Importing v8.js.trap.gz (56 of 115)
[2022-12-14 01:06:29] Importing chrome.js.trap.gz (57 of 115)
[2022-12-14 01:06:29] Importing fetchapi.js.trap.gz (58 of 115)
[2022-12-14 01:06:29] Importing fileapi.js.trap.gz (59 of 115)
[2022-12-14 01:06:29] Importing flash.js.trap.gz (60 of 115)
[2022-12-14 01:06:29] Importing gecko_css.js.trap.gz (61 of 115)
[2022-12-14 01:06:29] Importing gecko_dom.js.trap.gz (62 of 115)
[2022-12-14 01:06:29] Importing gecko_event.js.trap.gz (63 of 115)
[2022-12-14 01:06:29] Importing gecko_ext.js.trap.gz (64 of 115)
[2022-12-14 01:06:29] Importing gecko_xml.js.trap.gz (65 of 115)
[2022-12-14 01:06:29] Importing html5.js.trap.gz (66 of 115)
[2022-12-14 01:06:29] Importing ie_css.js.trap.gz (67 of 115)
[2022-12-14 01:06:29] Importing ie_dom.js.trap.gz (68 of 115)
[2022-12-14 01:06:29] Importing ie_event.js.trap.gz (69 of 115)
[2022-12-14 01:06:29] Importing ie_vml.js.trap.gz (70 of 115)
[2022-12-14 01:06:29] Importing intl.js.trap.gz (71 of 115)
[2022-12-14 01:06:29] Importing iphone.js.trap.gz (72 of 115)
[2022-12-14 01:06:29] Importing mediasource.js.trap.gz (73 of 115)
[2022-12-14 01:06:29] Importing page_visibility.js.trap.gz (74 of 115)
[2022-12-14 01:06:29] Importing streamsapi.js.trap.gz (75 of 115)
[2022-12-14 01:06:29] Importing url.js.trap.gz (76 of 115)
[2022-12-14 01:06:29] Importing w3c_anim_timing.js.trap.gz (77 of 115)
[2022-12-14 01:06:29] Importing w3c_batterystatus.js.trap.gz (78 of 115)
[2022-12-14 01:06:29] Importing w3c_css.js.trap.gz (79 of 115)
[2022-12-14 01:06:29] Importing w3c_css3d.js.trap.gz (80 of 115)
[2022-12-14 01:06:29] Importing w3c_device_sensor_event.js.trap.gz (81 of 115)
[2022-12-14 01:06:29] Importing w3c_dom1.js.trap.gz (82 of 115)
[2022-12-14 01:06:29] Importing w3c_dom2.js.trap.gz (83 of 115)
[2022-12-14 01:06:29] Importing w3c_dom3.js.trap.gz (84 of 115)
[2022-12-14 01:06:29] Importing w3c_dom4.js.trap.gz (85 of 115)
[2022-12-14 01:06:29] Importing w3c_elementtraversal.js.trap.gz (86 of 115)
[2022-12-14 01:06:29] Importing w3c_encoding.js.trap.gz (87 of 115)
[2022-12-14 01:06:29] Importing w3c_event.js.trap.gz (88 of 115)
[2022-12-14 01:06:29] Importing w3c_event3.js.trap.gz (89 of 115)
[2022-12-14 01:06:29] Importing w3c_gamepad.js.trap.gz (90 of 115)
[2022-12-14 01:06:29] Importing w3c_geolocation.js.trap.gz (91 of 115)
[2022-12-14 01:06:29] Importing w3c_indexeddb.js.trap.gz (92 of 115)
[2022-12-14 01:06:29] Importing w3c_midi.js.trap.gz (93 of 115)
[2022-12-14 01:06:29] Importing w3c_navigation_timing.js.trap.gz (94 of 115)
[2022-12-14 01:06:29] Importing w3c_permissions.js.trap.gz (95 of 115)
[2022-12-14 01:06:29] Importing w3c_pointer_events.js.trap.gz (96 of 115)
[2022-12-14 01:06:29] Importing w3c_range.js.trap.gz (97 of 115)
[2022-12-14 01:06:29] Importing w3c_requestidlecallback.js.trap.gz (98 of 115)
[2022-12-14 01:06:29] Importing w3c_rtc.js.trap.gz (99 of 115)
[2022-12-14 01:06:29] Importing w3c_screen_orientation.js.trap.gz (100 of 115)
[2022-12-14 01:06:29] Importing w3c_selectors.js.trap.gz (101 of 115)
[2022-12-14 01:06:29] Importing w3c_serviceworker.js.trap.gz (102 of 115)
[2022-12-14 01:06:29] Importing w3c_touch_event.js.trap.gz (103 of 115)
[2022-12-14 01:06:29] Importing w3c_webcrypto.js.trap.gz (104 of 115)
[2022-12-14 01:06:29] Importing w3c_xml.js.trap.gz (105 of 115)
[2022-12-14 01:06:29] Importing webgl.js.trap.gz (106 of 115)
[2022-12-14 01:06:29] Importing webkit_css.js.trap.gz (107 of 115)
[2022-12-14 01:06:30] Importing webkit_dom.js.trap.gz (108 of 115)
[2022-12-14 01:06:30] Importing webkit_event.js.trap.gz (109 of 115)
[2022-12-14 01:06:30] Importing webkit_notifications.js.trap.gz (110 of 115)
[2022-12-14 01:06:30] Importing webkit_usercontent.js.trap.gz (111 of 115)
[2022-12-14 01:06:30] Importing webstorage.js.trap.gz (112 of 115)
[2022-12-14 01:06:30] Importing whatwg_encoding.js.trap.gz (113 of 115)
[2022-12-14 01:06:30] Importing window.js.trap.gz (114 of 115)
[2022-12-14 01:06:30] Importing sourceLocationPrefix.trap.gz (115 of 115)
[2022-12-14 01:06:30] Merging 1 fragment for files.
[2022-12-14 01:06:30] Merging 1 fragment for folders.
[2022-12-14 01:06:30] Merging 1 fragment for containerparent.
[2022-12-14 01:06:30] Merging 3 fragments for locations_default.
[2022-12-14 01:06:30] Merging 3 fragments for hasLocation.
[2022-12-14 01:06:30] Merging 1 fragment for extraction_data.
[2022-12-14 01:06:30] Merging 1 fragment for scopes.
[2022-12-14 01:06:30] Merging 1 fragment for numlines.
[2022-12-14 01:06:30] Merging 1 fragment for tokeninfo.
[2022-12-14 01:06:30] Merging 1 fragment for toplevels.
[2022-12-14 01:06:30] Merging 1 fragment for stmts.
[2022-12-14 01:06:30] Merging 1 fragment for stmt_containers.
[2022-12-14 01:06:30] Merging 1 fragment for exprs.
[2022-12-14 01:06:30] Merging 1 fragment for enclosing_stmt.
[2022-12-14 01:06:30] Merging 1 fragment for expr_containers.
[2022-12-14 01:06:30] Merging 1 fragment for literals.
[2022-12-14 01:06:30] Merging 1 fragment for variables.
[2022-12-14 01:06:30] Merging 1 fragment for bind.
[2022-12-14 01:06:30] Merging 1 fragment for regexpterm.
[2022-12-14 01:06:30] Merging 1 fragment for regexp_const_value.
[2022-12-14 01:06:30] Merging 1 fragment for entry_cfg_node.
[2022-12-14 01:06:30] Merging 1 fragment for exit_cfg_node.
[2022-12-14 01:06:30] Merging 1 fragment for successor.
[2022-12-14 01:06:30] Merging 1 fragment for guard_node.
[2022-12-14 01:06:30] Merging 1 fragment for toplevel_parent_xml_node.
[2022-12-14 01:06:30] Merging 1 fragment for xmlElements.
[2022-12-14 01:06:30] Merging 1 fragment for xmllocations.
[2022-12-14 01:06:30] Merging 1 fragment for xmlAttrs.
[2022-12-14 01:06:30] Merging 1 fragment for xmlComments.
[2022-12-14 01:06:30] Merging 1 fragment for filetype.
[2022-12-14 01:06:30] Merging 1 fragment for extraction_time.
[2022-12-14 01:06:30] Merging 1 fragment for comments.
[2022-12-14 01:06:30] Merging 1 fragment for indentation.
[2022-12-14 01:06:30] Merging 1 fragment for next_token.
[2022-12-14 01:06:30] Merging 1 fragment for scopenodes.
[2022-12-14 01:06:30] Merging 1 fragment for scopenesting.
[2022-12-14 01:06:30] Merging 1 fragment for decl.
[2022-12-14 01:06:30] Merging 1 fragment for is_arguments_object.
[2022-12-14 01:06:30] Merging 1 fragment for properties.
[2022-12-14 01:06:30] Merging 1 fragment for is_greedy.
[2022-12-14 01:06:30] Merging 1 fragment for is_inverted.
[2022-12-14 01:06:30] Merging 1 fragment for char_class_escape.
[2022-12-14 01:06:30] Merging 1 fragment for array_size.
[2022-12-14 01:06:30] Merging 1 fragment for is_capture.
[2022-12-14 01:06:30] Merging 1 fragment for jump_targets.
[2022-12-14 01:06:30] Merging 1 fragment for xml_element_parent_expression.
[2022-12-14 01:06:30] Merging 1 fragment for jsdoc.
[2022-12-14 01:06:30] Merging 1 fragment for jsdoc_tags.
[2022-12-14 01:06:30] Merging 1 fragment for jsdoc_tag_descriptions.
[2022-12-14 01:06:30] Merging 1 fragment for jsdoc_tag_names.
[2022-12-14 01:06:30] Merging 1 fragment for jsdoc_type_exprs.
[2022-12-14 01:06:30] Merging 1 fragment for is_externs.
[2022-12-14 01:06:30] Merging 1 fragment for jsdoc_prefix_qualifier.
[2022-12-14 01:06:30] Merging 1 fragment for jsdoc_errors.
[2022-12-14 01:06:30] Merging 1 fragment for jsdoc_record_field_name.
[2022-12-14 01:06:30] Merging 1 fragment for jsdoc_has_new_parameter.
[2022-12-14 01:06:30] Merging 1 fragment for is_module.
[2022-12-14 01:06:30] Merging 1 fragment for is_nodejs.
[2022-12-14 01:06:30] Merging 1 fragment for sourceLocationPrefix.
[2022-12-14 01:06:30] Saving string and id pools to disk.
[2022-12-14 01:06:30] Finished importing trap files.
[2022-12-14 01:06:30] Pausing evaluation to close the cache at sequence stamp o+3
[2022-12-14 01:06:30] The disk cache is freshly trimmed; leave it be.
[2022-12-14 01:06:30] Unpausing evaluation
[2022-12-14 01:06:30] Plumbing command codeql dataset import completed.
[2022-12-14 01:06:30] [PROGRESS] database finalize> TRAP import complete (2.9s).
[2022-12-14 01:06:30] Running plumbing command: codeql database cleanup --mode=normal -- /home/user/asf/cloner/gh/clones/A_gsa_db-to-api/codeql_db_javascript
[2022-12-14 01:06:30] [PROGRESS] database cleanup> Cleaning up existing TRAP files after import...
[2022-12-14 01:06:30] [PROGRESS] database cleanup> TRAP files cleaned up (4ms).
[2022-12-14 01:06:30] [PROGRESS] database cleanup> Cleaning up scratch directory...
[2022-12-14 01:06:30] [PROGRESS] database cleanup> Scratch directory cleaned up (1ms).
[2022-12-14 01:06:30] Running plumbing command: codeql dataset cleanup --mode=normal -- /home/user/asf/cloner/gh/clones/A_gsa_db-to-api/codeql_db_javascript/db-javascript
[2022-12-14 01:06:30] [PROGRESS] dataset cleanup> Cleaning up dataset in /home/user/asf/cloner/gh/clones/A_gsa_db-to-api/codeql_db_javascript/db-javascript.
[2022-12-14 01:06:30] Trimming disk cache at /home/user/asf/cloner/gh/clones/A_gsa_db-to-api/codeql_db_javascript/db-javascript/default/cache in mode normal.
[2022-12-14 01:06:30] Sequence stamp origin is -6377112506499508816
[2022-12-14 01:06:30] Pausing evaluation to zealously trim disk at sequence stamp o+0
[2022-12-14 01:06:30] Unpausing evaluation
[2022-12-14 01:06:30] Trimming completed (1ms): Trimmed disposable data from cache.
[2022-12-14 01:06:30] Pausing evaluation to close the cache at sequence stamp o+1
[2022-12-14 01:06:30] The disk cache is freshly trimmed; leave it be.
[2022-12-14 01:06:30] Unpausing evaluation
[2022-12-14 01:06:30] [PROGRESS] dataset cleanup> Trimmed disposable data from cache.
[2022-12-14 01:06:30] [PROGRESS] dataset cleanup> Finalizing dataset in /home/user/asf/cloner/gh/clones/A_gsa_db-to-api/codeql_db_javascript/db-javascript
[2022-12-14 01:06:30] [DETAILS] dataset cleanup> Finished deleting ID pool from /home/user/asf/cloner/gh/clones/A_gsa_db-to-api/codeql_db_javascript/db-javascript (3ms).
[2022-12-14 01:06:30] Plumbing command codeql dataset cleanup completed.
[2022-12-14 01:06:30] Plumbing command codeql database cleanup completed with status 0.
[2022-12-14 01:06:30] Plumbing command codeql database finalize completed.
[2022-12-14 01:06:30] [PROGRESS] database create> Successfully created database at /home/user/asf/cloner/gh/clones/A_gsa_db-to-api/codeql_db_javascript.
[2022-12-14 01:06:30] Terminating normally.
